<?xml version="1.0" encoding="UTF-8"?>
<!-- Generated by org.testng.reporters.JUnitReportReporter -->
<testsuite hostname="LAPTOP-04DV5R5F" failures="0" tests="1" name="testCases.TC001_AccountRegistrationTest" time="7.451" errors="0" timestamp="2025-08-04T17:38:15 IST" skipped="0">
  <testcase classname="testCases.TC001_AccountRegistrationTest" name="verify_account_registration" time="7.451"/>
</testsuite> <!-- testCases.TC001_AccountRegistrationTest -->
