<?xml version="1.0" encoding="UTF-8"?>
<!-- Generated by org.testng.reporters.JUnitReportReporter -->
<testsuite hostname="LAPTOP-04DV5R5F" failures="0" tests="1" name="testCases.TC002_Logintest" time="1.353" errors="0" timestamp="2025-08-07T08:50:02 IST" skipped="0">
  <testcase classname="testCases.TC002_Logintest" name="verify_login" time="1.353"/>
</testsuite> <!-- testCases.TC002_Logintest -->
